{"/Users/dika/Workspace/mini-projects/flip-technical-test/src/modules/transaction/application/hooks/useTransactionsQuery.ts": {"path":"/Users/dika/Workspace/mini-projects/flip-technical-test/src/modules/transaction/application/hooks/useTransactionsQuery.ts","statementMap":{"0":{"start":{"line":10,"column":36},"end":{"line":51,"column":1}},"1":{"start":{"line":11,"column":24},"end":{"line":11,"column":41}},"2":{"start":{"line":13,"column":14},"end":{"line":13,"column":30}},"3":{"start":{"line":12,"column":25},"end":{"line":48,"column":3}},"4":{"start":{"line":29,"column":8},"end":{"line":29,"column":20}},"5":{"start":{"line":38,"column":8},"end":{"line":38,"column":20}}},"fnMap":{"0":{"name":"_temp","decl":{"start":{"line":10,"column":36},"end":{"line":10,"column":37}},"loc":{"start":{},"end":{}}}},"branchMap":{"0":{"loc":{"start":{"line":10,"column":37},"end":{"line":10,"column":53}},"type":"cond-expr","locations":[{"start":{"line":10,"column":51},"end":{"line":10,"column":53}},{"start":{"line":10,"column":37},"end":{"line":10,"column":53}}],"line":10},"1":{"loc":{"start":{"line":21,"column":10},"end":{"line":24,"column":54}},"type":"binary-expr","locations":[{"start":{"line":21,"column":10},"end":{"line":21,"column":80}},{"start":{"line":22,"column":10},"end":{"line":22,"column":75}},{"start":{"line":23,"column":10},"end":{"line":23,"column":80}},{"start":{"line":24,"column":10},"end":{"line":24,"column":54}}],"line":21}},"s":{"0":2,"1":7,"2":7,"3":7,"4":2,"5":1},"f":{"0":7},"b":{"0":[2,10],"1":[70,17,17,17]},"_coverageSchema":"1a1c01bbd47fc00a2c39e90264f33305004495a9","hash":"00cc6ff806482a9ec741ad7ac5014c18f2f73913"}
,"/Users/dika/Workspace/mini-projects/flip-technical-test/src/modules/transaction/data/transactionRepositoryImpl.ts": {"path":"/Users/dika/Workspace/mini-projects/flip-technical-test/src/modules/transaction/data/transactionRepositoryImpl.ts","statementMap":{"0":{"start":{"line":5,"column":34},"end":{"line":13,"column":1}},"1":{"start":{"line":6,"column":2},"end":{"line":12,"column":4}},"2":{"start":{"line":8,"column":18},"end":{"line":8,"column":41}},"3":{"start":{"line":9,"column":27},"end":{"line":9,"column":58}},"4":{"start":{"line":10,"column":6},"end":{"line":10,"column":26}}},"fnMap":{"0":{"name":"(anonymous_0)","decl":{"start":{"line":5,"column":34},"end":{"line":5,"column":35}},"loc":{"start":{"line":5,"column":63},"end":{"line":13,"column":1}},"line":5},"1":{"name":"(anonymous_1)","decl":{"start":{"line":7,"column":21},"end":{"line":7,"column":22}},"loc":{"start":{"line":7,"column":33},"end":{"line":11,"column":5}},"line":7}},"branchMap":{},"s":{"0":2,"1":2,"2":7,"3":7,"4":7},"f":{"0":2,"1":7},"b":{},"_coverageSchema":"1a1c01bbd47fc00a2c39e90264f33305004495a9","hash":"2a83f37fa7f273c54cacd44ef4f4992a47eb2947"}
,"/Users/dika/Workspace/mini-projects/flip-technical-test/src/modules/transaction/data/api/transactionApi.ts": {"path":"/Users/dika/Workspace/mini-projects/flip-technical-test/src/modules/transaction/data/api/transactionApi.ts","statementMap":{"0":{"start":{"line":3,"column":31},"end":{"line":6,"column":1}},"1":{"start":{"line":4,"column":19},"end":{"line":4,"column":80}},"2":{"start":{"line":5,"column":2},"end":{"line":5,"column":74}}},"fnMap":{"0":{"name":"(anonymous_0)","decl":{"start":{"line":3,"column":31},"end":{"line":3,"column":32}},"loc":{"start":{"line":3,"column":43},"end":{"line":6,"column":1}},"line":3}},"branchMap":{},"s":{"0":2,"1":7,"2":7},"f":{"0":7},"b":{},"_coverageSchema":"1a1c01bbd47fc00a2c39e90264f33305004495a9","hash":"2eea069c8414e83142068c3436020eb971112e57"}
,"/Users/dika/Workspace/mini-projects/flip-technical-test/src/modules/transaction/data/api/transactionApiMock.ts": {"path":"/Users/dika/Workspace/mini-projects/flip-technical-test/src/modules/transaction/data/api/transactionApiMock.ts","statementMap":{"0":{"start":{"line":5,"column":78},"end":{"line":146,"column":1}},"1":{"start":{"line":148,"column":35},"end":{"line":153,"column":1}},"2":{"start":{"line":151,"column":4},"end":{"line":151,"column":57}}},"fnMap":{"0":{"name":"(anonymous_0)","decl":{"start":{"line":150,"column":2},"end":{"line":150,"column":3}},"loc":{"start":{"line":150,"column":8},"end":{"line":152,"column":3}},"line":150}},"branchMap":{},"s":{"0":10,"1":10,"2":7},"f":{"0":7},"b":{},"_coverageSchema":"1a1c01bbd47fc00a2c39e90264f33305004495a9","hash":"980a837946c6f8f2643ca8706ec8f5692272ca04"}
,"/Users/dika/Workspace/mini-projects/flip-technical-test/src/modules/transaction/data/api/transactionDto.ts": {"path":"/Users/dika/Workspace/mini-projects/flip-technical-test/src/modules/transaction/data/api/transactionDto.ts","statementMap":{},"fnMap":{},"branchMap":{},"s":{},"f":{},"b":{}}
,"/Users/dika/Workspace/mini-projects/flip-technical-test/src/modules/transaction/data/api/transactionMapper.ts": {"path":"/Users/dika/Workspace/mini-projects/flip-technical-test/src/modules/transaction/data/api/transactionMapper.ts","statementMap":{"0":{"start":{"line":5,"column":42},"end":{"line":24,"column":1}},"1":{"start":{"line":8,"column":2},"end":{"line":23,"column":5}},"2":{"start":{"line":9,"column":4},"end":{"line":22,"column":7}}},"fnMap":{"0":{"name":"(anonymous_0)","decl":{"start":{"line":5,"column":42},"end":{"line":5,"column":43}},"loc":{"start":{"line":7,"column":20},"end":{"line":24,"column":1}},"line":7},"1":{"name":"(anonymous_1)","decl":{"start":{"line":8,"column":33},"end":{"line":8,"column":34}},"loc":{"start":{"line":8,"column":43},"end":{"line":23,"column":3}},"line":8}},"branchMap":{},"s":{"0":2,"1":9,"2":90},"f":{"0":9,"1":90},"b":{},"_coverageSchema":"1a1c01bbd47fc00a2c39e90264f33305004495a9","hash":"af1d09cfd8f00a42dfc904af066985ec7a01744a"}
,"/Users/dika/Workspace/mini-projects/flip-technical-test/src/modules/transaction/domain/transactionRepository.ts": {"path":"/Users/dika/Workspace/mini-projects/flip-technical-test/src/modules/transaction/domain/transactionRepository.ts","statementMap":{},"fnMap":{},"branchMap":{},"s":{},"f":{},"b":{}}
,"/Users/dika/Workspace/mini-projects/flip-technical-test/src/modules/transaction/domain/entities/transaction.ts": {"path":"/Users/dika/Workspace/mini-projects/flip-technical-test/src/modules/transaction/domain/entities/transaction.ts","statementMap":{"0":{"start":{"line":3,"column":26},"end":{"line":16,"column":2}},"1":{"start":{"line":20,"column":15},"end":{"line":22,"column":1}},"2":{"start":{"line":21,"column":2},"end":{"line":21,"column":39}}},"fnMap":{"0":{"name":"(anonymous_0)","decl":{"start":{"line":20,"column":15},"end":{"line":20,"column":16}},"loc":{"start":{"line":20,"column":51},"end":{"line":22,"column":1}},"line":20}},"branchMap":{},"s":{"0":2,"1":2,"2":90},"f":{"0":90},"b":{},"_coverageSchema":"1a1c01bbd47fc00a2c39e90264f33305004495a9","hash":"1603491486d5ae6ef47d4cbc5dd3279c23a386db"}
,"/Users/dika/Workspace/mini-projects/flip-technical-test/src/modules/transaction/presentation/TransactionDetail.tsx": {"path":"/Users/dika/Workspace/mini-projects/flip-technical-test/src/modules/transaction/presentation/TransactionDetail.tsx","statementMap":{"0":{"start":{"line":10,"column":36},"end":{"line":97,"column":1}},"1":{"start":{"line":16,"column":28},"end":{"line":22,"column":3}},"2":{"start":{"line":29,"column":10},"end":{"line":35,"column":12}},"3":{"start":{"line":26,"column":6},"end":{"line":37,"column":13}},"4":{"start":{"line":40,"column":8},"end":{"line":40,"column":67}},"5":{"start":{"line":42,"column":10},"end":{"line":42,"column":61}},"6":{"start":{"line":39,"column":6},"end":{"line":44,"column":13}},"7":{"start":{"line":48,"column":30},"end":{"line":48,"column":79}},"8":{"start":{"line":47,"column":8},"end":{"line":50,"column":15}},"9":{"start":{"line":56,"column":17},"end":{"line":56,"column":53}},"10":{"start":{"line":55,"column":14},"end":{"line":57,"column":21}},"11":{"start":{"line":58,"column":14},"end":{"line":60,"column":21}},"12":{"start":{"line":54,"column":12},"end":{"line":61,"column":19}},"13":{"start":{"line":64,"column":14},"end":{"line":64,"column":72}},"14":{"start":{"line":63,"column":12},"end":{"line":68,"column":19}},"15":{"start":{"line":71,"column":14},"end":{"line":71,"column":69}},"16":{"start":{"line":73,"column":17},"end":{"line":73,"column":44}},"17":{"start":{"line":70,"column":12},"end":{"line":75,"column":19}},"18":{"start":{"line":53,"column":10},"end":{"line":76,"column":17}},"19":{"start":{"line":80,"column":14},"end":{"line":80,"column":64}},"20":{"start":{"line":82,"column":17},"end":{"line":82,"column":43}},"21":{"start":{"line":79,"column":12},"end":{"line":84,"column":19}},"22":{"start":{"line":87,"column":14},"end":{"line":87,"column":66}},"23":{"start":{"line":86,"column":12},"end":{"line":91,"column":19}},"24":{"start":{"line":78,"column":10},"end":{"line":92,"column":17}},"25":{"start":{"line":52,"column":8},"end":{"line":93,"column":15}},"26":{"start":{"line":46,"column":6},"end":{"line":94,"column":13}},"27":{"start":{"line":25,"column":4},"end":{"line":95,"column":11}}},"fnMap":{"0":{"name":"(anonymous_0)","decl":{"start":{"line":10,"column":36},"end":{"line":10,"column":37}},"loc":{"start":{},"end":{}}}},"branchMap":{},"s":{"0":1,"1":3,"2":3,"3":3,"4":3,"5":3,"6":3,"7":3,"8":3,"9":3,"10":3,"11":3,"12":3,"13":3,"14":3,"15":3,"16":3,"17":3,"18":3,"19":3,"20":3,"21":3,"22":3,"23":3,"24":3,"25":3,"26":3,"27":3},"f":{"0":3},"b":{},"_coverageSchema":"1a1c01bbd47fc00a2c39e90264f33305004495a9","hash":"9a62d37ba83016fed095374f94a97d47a2875e3d"}
,"/Users/dika/Workspace/mini-projects/flip-technical-test/src/modules/transaction/presentation/TransactionList/TransactionListHeader.tsx": {"path":"/Users/dika/Workspace/mini-projects/flip-technical-test/src/modules/transaction/presentation/TransactionList/TransactionListHeader.tsx","statementMap":{"0":{"start":{"line":14,"column":68},"end":{"line":37,"column":1}},"1":{"start":{"line":30,"column":10},"end":{"line":30,"column":71}},"2":{"start":{"line":31,"column":10},"end":{"line":31,"column":68}},"3":{"start":{"line":26,"column":8},"end":{"line":32,"column":20}},"4":{"start":{"line":34,"column":14},"end":{"line":34,"column":92}},"5":{"start":{"line":20,"column":4},"end":{"line":35,"column":6}}},"fnMap":{"0":{"name":"(anonymous_0)","decl":{"start":{"line":14,"column":68},"end":{"line":14,"column":69}},"loc":{"start":{},"end":{}}}},"branchMap":{},"s":{"0":2,"1":5,"2":5,"3":5,"4":5,"5":5},"f":{"0":5},"b":{},"_coverageSchema":"1a1c01bbd47fc00a2c39e90264f33305004495a9","hash":"f0634531284e3de070cc2e3d6cce6f9ff3671fff"}
,"/Users/dika/Workspace/mini-projects/flip-technical-test/src/modules/transaction/presentation/TransactionList/TransactionListItem.tsx": {"path":"/Users/dika/Workspace/mini-projects/flip-technical-test/src/modules/transaction/presentation/TransactionList/TransactionListItem.tsx","statementMap":{"0":{"start":{"line":13,"column":64},"end":{"line":47,"column":1}},"1":{"start":{"line":17,"column":14},"end":{"line":17,"column":57}},"2":{"start":{"line":18,"column":15},"end":{"line":22,"column":10}},"3":{"start":{"line":25,"column":6},"end":{"line":25,"column":61}},"4":{"start":{"line":31,"column":41},"end":{"line":31,"column":90}},"5":{"start":{"line":29,"column":12},"end":{"line":34,"column":19}},"6":{"start":{"line":35,"column":12},"end":{"line":35,"column":88}},"7":{"start":{"line":37,"column":15},"end":{"line":37,"column":46}},"8":{"start":{"line":38,"column":14},"end":{"line":38,"column":60}},"9":{"start":{"line":39,"column":15},"end":{"line":39,"column":47}},"10":{"start":{"line":36,"column":12},"end":{"line":40,"column":19}},"11":{"start":{"line":27,"column":8},"end":{"line":42,"column":15}},"12":{"start":{"line":43,"column":8},"end":{"line":43,"column":61}},"13":{"start":{"line":26,"column":6},"end":{"line":44,"column":13}},"14":{"start":{"line":16,"column":4},"end":{"line":45,"column":16}},"15":{"start":{"line":51,"column":5},"end":{"line":60,"column":1}},"16":{"start":{"line":55,"column":5},"end":{"line":55,"column":9}},"17":{"start":{"line":56,"column":14},"end":{"line":56,"column":46}},"18":{"start":{"line":57,"column":17},"end":{"line":57,"column":55}},"19":{"start":{"line":55,"column":4},"end":{"line":58,"column":6}},"20":{"start":{"line":64,"column":5},"end":{"line":78,"column":1}},"21":{"start":{"line":67,"column":6},"end":{"line":69,"column":13}},"22":{"start":{"line":74,"column":4},"end":{"line":76,"column":11}}},"fnMap":{"0":{"name":"(anonymous_2)","decl":{"start":{"line":64,"column":5},"end":{"line":64,"column":6}},"loc":{"start":{},"end":{}}}},"branchMap":{"0":{"loc":{"start":{"line":52,"column":21},"end":{"line":52,"column":73}},"type":"cond-expr","locations":[{"start":{"line":52,"column":44},"end":{"line":52,"column":56}},{"start":{"line":52,"column":59},"end":{"line":52,"column":73}}],"line":52}},"s":{"0":2,"1":24,"2":24,"3":24,"4":24,"5":24,"6":24,"7":24,"8":24,"9":24,"10":24,"11":24,"12":24,"13":24,"14":24,"15":2,"16":24,"17":24,"18":24,"19":24,"20":2,"21":19,"22":5},"f":{"0":24},"b":{"0":[5,19]},"_coverageSchema":"1a1c01bbd47fc00a2c39e90264f33305004495a9","hash":"60731de6f65d803dc41e2c6314240445d0e70753"}
,"/Users/dika/Workspace/mini-projects/flip-technical-test/src/modules/transaction/presentation/TransactionList/TransactionListPage.tsx": {"path":"/Users/dika/Workspace/mini-projects/flip-technical-test/src/modules/transaction/presentation/TransactionList/TransactionListPage.tsx","statementMap":{"0":{"start":{"line":21,"column":14},"end":{"line":21,"column":89}},"1":{"start":{"line":21,"column":51},"end":{"line":21,"column":88}},"2":{"start":{"line":28,"column":24},"end":{"line":96,"column":1}},"3":{"start":{"line":29,"column":69},"end":{"line":32,"column":3}},"4":{"start":{"line":37,"column":51},"end":{"line":42,"column":3}},"5":{"start":{"line":50,"column":21},"end":{"line":52,"column":3}},"6":{"start":{"line":54,"column":25},"end":{"line":56,"column":3}},"7":{"start":{"line":58,"column":26},"end":{"line":60,"column":3}},"8":{"start":{"line":67,"column":24},"end":{"line":67,"column":84}},"9":{"start":{"line":71,"column":28},"end":{"line":71,"column":57}},"10":{"start":{"line":69,"column":10},"end":{"line":73,"column":12}},"11":{"start":{"line":81,"column":23},"end":{"line":81,"column":96}},"12":{"start":{"line":64,"column":6},"end":{"line":87,"column":8}},"13":{"start":{"line":88,"column":6},"end":{"line":93,"column":8}},"14":{"start":{"line":63,"column":4},"end":{"line":94,"column":7}}},"fnMap":{"0":{"name":"(anonymous_0)","decl":{"start":{"line":21,"column":41},"end":{"line":21,"column":42}},"loc":{"start":{"line":21,"column":51},"end":{"line":21,"column":88}},"line":21},"1":{"name":"(anonymous_1)","decl":{"start":{"line":28,"column":24},"end":{"line":28,"column":25}},"loc":{"start":{},"end":{}}},"2":{"name":"_temp","decl":{"start":{"line":28,"column":24},"end":{"line":28,"column":25}},"loc":{"start":{},"end":{}}},"3":{"name":"_temp2","decl":{"start":{"line":28,"column":24},"end":{"line":28,"column":25}},"loc":{"start":{},"end":{}}}},"branchMap":{"0":{"loc":{"start":{"line":75,"column":14},"end":{"line":75,"column":39}},"type":"cond-expr","locations":[{"start":{},"end":{}},{"start":{"line":75,"column":35},"end":{"line":75,"column":39}}],"line":75},"1":{"loc":{"start":{"line":81,"column":48},"end":{"line":81,"column":65}},"type":"binary-expr","locations":[{"start":{},"end":{}},{"start":{},"end":{}}],"line":81}},"s":{"0":1,"1":10,"2":1,"3":2,"4":4,"5":2,"6":2,"7":2,"8":2,"9":2,"10":2,"11":3,"12":4,"13":2,"14":4},"f":{"0":10,"1":4,"2":36,"3":42},"b":{"0":[2,2],"1":[0,0]},"_coverageSchema":"1a1c01bbd47fc00a2c39e90264f33305004495a9","hash":"879be404f4ad4f00ee10167f6f3399f182c6211c"}
,"/Users/dika/Workspace/mini-projects/flip-technical-test/src/modules/transaction/presentation/TransactionList/TransactionListSort.tsx": {"path":"/Users/dika/Workspace/mini-projects/flip-technical-test/src/modules/transaction/presentation/TransactionList/TransactionListSort.tsx","statementMap":{"0":{"start":{"line":8,"column":41},"end":{"line":29,"column":1}},"1":{"start":{"line":38,"column":64},"end":{"line":73,"column":1}},"2":{"start":{"line":49,"column":13},"end":{"line":67,"column":14}},"3":{"start":{"line":48,"column":10},"end":{"line":68,"column":17}},"4":{"start":{"line":46,"column":6},"end":{"line":70,"column":13}},"5":{"start":{"line":45,"column":4},"end":{"line":71,"column":12}}},"fnMap":{"0":{"name":"(anonymous_0)","decl":{"start":{"line":38,"column":64},"end":{"line":38,"column":65}},"loc":{"start":{},"end":{}}}},"branchMap":{"0":{"loc":{"start":{"line":60,"column":26},"end":{"line":60,"column":77}},"type":"cond-expr","locations":[{"start":{"line":60,"column":39},"end":{"line":60,"column":56}},{"start":{"line":60,"column":59},"end":{"line":60,"column":77}}],"line":60}},"s":{"0":2,"1":2,"2":6,"3":6,"4":6,"5":6},"f":{"0":6},"b":{"0":[6,24]},"_coverageSchema":"1a1c01bbd47fc00a2c39e90264f33305004495a9","hash":"1d914c59e9bc838af623ac9e82bc5760219dadb5"}
,"/Users/dika/Workspace/mini-projects/flip-technical-test/src/modules/transaction/presentation/TransactionList/TranscationListItemLoading.tsx": {"path":"/Users/dika/Workspace/mini-projects/flip-technical-test/src/modules/transaction/presentation/TransactionList/TranscationListItemLoading.tsx","statementMap":{"0":{"start":{"line":5,"column":16},"end":{"line":5,"column":56}},"1":{"start":{"line":11,"column":78},"end":{"line":24,"column":1}},"2":{"start":{"line":16,"column":10},"end":{"line":16,"column":63}},"3":{"start":{"line":17,"column":10},"end":{"line":17,"column":62}},"4":{"start":{"line":15,"column":8},"end":{"line":19,"column":15}},"5":{"start":{"line":14,"column":6},"end":{"line":21,"column":13}},"6":{"start":{"line":13,"column":4},"end":{"line":22,"column":11}}},"fnMap":{"0":{"name":"(anonymous_0)","decl":{"start":{"line":11,"column":78},"end":{"line":11,"column":79}},"loc":{"start":{},"end":{}}}},"branchMap":{},"s":{"0":2,"1":2,"2":21,"3":21,"4":21,"5":21,"6":21},"f":{"0":21},"b":{},"_coverageSchema":"1a1c01bbd47fc00a2c39e90264f33305004495a9","hash":"b76f3edff62a8e86067e50d5c00ff723931d3266"}
,"/Users/dika/Workspace/mini-projects/flip-technical-test/src/routes/_layout.tsx": {"path":"/Users/dika/Workspace/mini-projects/flip-technical-test/src/routes/_layout.tsx","statementMap":{"0":{"start":{"line":6,"column":15},"end":{"line":6,"column":32}},"1":{"start":{"line":12,"column":8},"end":{"line":17,"column":10}},"2":{"start":{"line":18,"column":8},"end":{"line":18,"column":42}},"3":{"start":{"line":10,"column":4},"end":{"line":26,"column":26}}},"fnMap":{"0":{"name":"RootLayout","decl":{"start":{"line":8,"column":15},"end":{"line":8,"column":16}},"loc":{"start":{},"end":{}}}},"branchMap":{},"s":{"0":0,"1":0,"2":0,"3":0},"f":{"0":0},"b":{}}
,"/Users/dika/Workspace/mini-projects/flip-technical-test/src/routes/index.tsx": {"path":"/Users/dika/Workspace/mini-projects/flip-technical-test/src/routes/index.tsx","statementMap":{"0":{"start":{"line":6,"column":14},"end":{"line":13,"column":1}},"1":{"start":{"line":8,"column":4},"end":{"line":11,"column":7}}},"fnMap":{"0":{"name":"(anonymous_0)","decl":{"start":{"line":6,"column":14},"end":{"line":6,"column":15}},"loc":{"start":{},"end":{}}}},"branchMap":{},"s":{"0":0,"1":0},"f":{"0":0},"b":{}}
,"/Users/dika/Workspace/mini-projects/flip-technical-test/src/routes/transaction/[id].tsx": {"path":"/Users/dika/Workspace/mini-projects/flip-technical-test/src/routes/transaction/[id].tsx","statementMap":{"0":{"start":{"line":3,"column":30},"end":{"line":5,"column":1}},"1":{"start":{"line":4,"column":9},"end":{"line":4,"column":30}}},"fnMap":{"0":{"name":"(anonymous_0)","decl":{"start":{"line":3,"column":30},"end":{"line":3,"column":31}},"loc":{"start":{},"end":{}}}},"branchMap":{},"s":{"0":0,"1":0},"f":{"0":0},"b":{}}
,"/Users/dika/Workspace/mini-projects/flip-technical-test/src/shared/utils.ts": {"path":"/Users/dika/Workspace/mini-projects/flip-technical-test/src/shared/utils.ts","statementMap":{"0":{"start":{"line":5,"column":18},"end":{"line":7,"column":1}},"1":{"start":{"line":6,"column":2},"end":{"line":6,"column":31}},"2":{"start":{"line":10,"column":27},"end":{"line":20,"column":1}},"3":{"start":{"line":12,"column":2},"end":{"line":19,"column":24}},"4":{"start":{"line":22,"column":33},"end":{"line":40,"column":1}},"5":{"start":{"line":23,"column":14},"end":{"line":23,"column":31}},"6":{"start":{"line":25,"column":2},"end":{"line":27,"column":3}},"7":{"start":{"line":26,"column":4},"end":{"line":26,"column":22}},"8":{"start":{"line":29,"column":15},"end":{"line":29,"column":17}},"9":{"start":{"line":31,"column":2},"end":{"line":37,"column":3}},"10":{"start":{"line":31,"column":15},"end":{"line":31,"column":29}},"11":{"start":{"line":32,"column":4},"end":{"line":36,"column":5}},"12":{"start":{"line":33,"column":6},"end":{"line":33,"column":37}},"13":{"start":{"line":35,"column":6},"end":{"line":35,"column":36}},"14":{"start":{"line":39,"column":2},"end":{"line":39,"column":23}},"15":{"start":{"line":42,"column":25},"end":{"line":48,"column":1}},"16":{"start":{"line":43,"column":2},"end":{"line":47,"column":28}},"17":{"start":{"line":50,"column":24},"end":{"line":62,"column":1}},"18":{"start":{"line":52,"column":2},"end":{"line":61,"column":4}},"19":{"start":{"line":53,"column":4},"end":{"line":60,"column":7}},"20":{"start":{"line":54,"column":6},"end":{"line":56,"column":7}},"21":{"start":{"line":55,"column":8},"end":{"line":55,"column":32}},"22":{"start":{"line":57,"column":6},"end":{"line":59,"column":16}},"23":{"start":{"line":58,"column":8},"end":{"line":58,"column":29}},"24":{"start":{"line":64,"column":24},"end":{"line":72,"column":1}},"25":{"start":{"line":65,"column":31},"end":{"line":65,"column":35}},"26":{"start":{"line":66,"column":2},"end":{"line":71,"column":4}},"27":{"start":{"line":67,"column":4},"end":{"line":70,"column":5}},"28":{"start":{"line":68,"column":6},"end":{"line":68,"column":20}},"29":{"start":{"line":69,"column":6},"end":{"line":69,"column":27}}},"fnMap":{"0":{"name":"(anonymous_0)","decl":{"start":{"line":5,"column":18},"end":{"line":5,"column":19}},"loc":{"start":{"line":5,"column":47},"end":{"line":7,"column":1}},"line":5},"1":{"name":"(anonymous_1)","decl":{"start":{"line":10,"column":27},"end":{"line":10,"column":28}},"loc":{"start":{"line":10,"column":47},"end":{"line":20,"column":1}},"line":10},"2":{"name":"(anonymous_2)","decl":{"start":{"line":22,"column":33},"end":{"line":22,"column":34}},"loc":{"start":{"line":22,"column":53},"end":{"line":40,"column":1}},"line":22},"3":{"name":"(anonymous_3)","decl":{"start":{"line":42,"column":25},"end":{"line":42,"column":26}},"loc":{"start":{"line":42,"column":43},"end":{"line":48,"column":1}},"line":42},"4":{"name":"(anonymous_4)","decl":{"start":{"line":50,"column":24},"end":{"line":50,"column":25}},"loc":{"start":{"line":50,"column":85},"end":{"line":62,"column":1}},"line":50},"5":{"name":"(anonymous_5)","decl":{"start":{"line":52,"column":9},"end":{"line":52,"column":10}},"loc":{"start":{"line":52,"column":61},"end":{"line":61,"column":3}},"line":52},"6":{"name":"(anonymous_6)","decl":{"start":{"line":53,"column":23},"end":{"line":53,"column":24}},"loc":{"start":{"line":53,"column":36},"end":{"line":60,"column":5}},"line":53},"7":{"name":"(anonymous_7)","decl":{"start":{"line":57,"column":29},"end":{"line":57,"column":30}},"loc":{"start":{"line":57,"column":35},"end":{"line":59,"column":7}},"line":57},"8":{"name":"(anonymous_8)","decl":{"start":{"line":64,"column":24},"end":{"line":64,"column":25}},"loc":{"start":{"line":64,"column":58},"end":{"line":72,"column":1}},"line":64},"9":{"name":"(anonymous_9)","decl":{"start":{"line":66,"column":9},"end":{"line":66,"column":10}},"loc":{"start":{"line":66,"column":27},"end":{"line":71,"column":3}},"line":66}},"branchMap":{"0":{"loc":{"start":{"line":25,"column":2},"end":{"line":27,"column":3}},"type":"if","locations":[{"start":{"line":25,"column":2},"end":{"line":27,"column":3}},{"start":{},"end":{}}],"line":25},"1":{"loc":{"start":{"line":32,"column":4},"end":{"line":36,"column":5}},"type":"if","locations":[{"start":{"line":32,"column":4},"end":{"line":36,"column":5}},{"start":{"line":34,"column":11},"end":{"line":36,"column":5}}],"line":32},"2":{"loc":{"start":{"line":54,"column":6},"end":{"line":56,"column":7}},"type":"if","locations":[{"start":{"line":54,"column":6},"end":{"line":56,"column":7}},{"start":{},"end":{}}],"line":54},"3":{"loc":{"start":{"line":67,"column":4},"end":{"line":70,"column":5}},"type":"if","locations":[{"start":{"line":67,"column":4},"end":{"line":70,"column":5}},{"start":{},"end":{}}],"line":67},"4":{"loc":{"start":{"line":67,"column":8},"end":{"line":67,"column":48}},"type":"binary-expr","locations":[{"start":{"line":67,"column":8},"end":{"line":67,"column":16}},{"start":{"line":67,"column":20},"end":{"line":67,"column":48}}],"line":67}},"s":{"0":8,"1":84,"2":8,"3":29,"4":8,"5":3,"6":3,"7":0,"8":3,"9":3,"10":3,"11":21,"12":6,"13":15,"14":3,"15":8,"16":29,"17":8,"18":3,"19":3,"20":3,"21":2,"22":3,"23":1,"24":8,"25":1,"26":1,"27":4,"28":2,"29":2},"f":{"0":84,"1":29,"2":3,"3":29,"4":3,"5":3,"6":3,"7":1,"8":1,"9":4},"b":{"0":[0,3],"1":[6,15],"2":[2,1],"3":[2,2],"4":[4,3]},"_coverageSchema":"1a1c01bbd47fc00a2c39e90264f33305004495a9","hash":"e4a1e22ae5e2ea361dedfca2a31046b3e576c7c3"}
,"/Users/dika/Workspace/mini-projects/flip-technical-test/src/shared/components/Backdrop.tsx": {"path":"/Users/dika/Workspace/mini-projects/flip-technical-test/src/shared/components/Backdrop.tsx","statementMap":{"0":{"start":{"line":13,"column":61},"end":{"line":27,"column":1}},"1":{"start":{"line":13,"column":62},"end":{"line":13,"column":93}},"2":{"start":{"line":19,"column":15},"end":{"line":21,"column":9}},"3":{"start":{"line":22,"column":19},"end":{"line":22,"column":99}},"4":{"start":{"line":16,"column":6},"end":{"line":23,"column":8}},"5":{"start":{"line":15,"column":4},"end":{"line":25,"column":7}}},"fnMap":{"0":{"name":"(anonymous_0)","decl":{"start":{"line":13,"column":61},"end":{"line":13,"column":62}},"loc":{"start":{},"end":{}}}},"branchMap":{"0":{"loc":{"start":{"line":22,"column":64},"end":{"line":22,"column":98}},"type":"binary-expr","locations":[{"start":{},"end":{}},{"start":{},"end":{}}],"line":22}},"s":{"0":3,"1":6,"2":6,"3":6,"4":6,"5":6},"f":{"0":6},"b":{"0":[6,0]},"_coverageSchema":"1a1c01bbd47fc00a2c39e90264f33305004495a9","hash":"0ef2aadf623b864d3960568d6a13c9f553782f7c"}
,"/Users/dika/Workspace/mini-projects/flip-technical-test/src/shared/components/Input.tsx": {"path":"/Users/dika/Workspace/mini-projects/flip-technical-test/src/shared/components/Input.tsx","statementMap":{"0":{"start":{"line":15,"column":17},"end":{"line":43,"column":2}},"1":{"start":{"line":16,"column":2},"end":{"line":16,"column":61}},"2":{"start":{"line":20,"column":17},"end":{"line":24,"column":7}},"3":{"start":{"line":29,"column":17},"end":{"line":32,"column":9}},"4":{"start":{"line":33,"column":16},"end":{"line":36,"column":9}},"5":{"start":{"line":38,"column":19},"end":{"line":38,"column":47}},"6":{"start":{"line":26,"column":6},"end":{"line":39,"column":8}},"7":{"start":{"line":19,"column":4},"end":{"line":41,"column":11}},"8":{"start":{"line":45,"column":0},"end":{"line":45,"column":34}},"9":{"start":{"line":54,"column":19},"end":{"line":82,"column":2}},"10":{"start":{"line":55,"column":2},"end":{"line":55,"column":61}},"11":{"start":{"line":59,"column":17},"end":{"line":63,"column":7}},"12":{"start":{"line":68,"column":17},"end":{"line":71,"column":9}},"13":{"start":{"line":72,"column":16},"end":{"line":75,"column":9}},"14":{"start":{"line":77,"column":19},"end":{"line":77,"column":47}},"15":{"start":{"line":65,"column":6},"end":{"line":78,"column":8}},"16":{"start":{"line":58,"column":4},"end":{"line":80,"column":11}},"17":{"start":{"line":84,"column":0},"end":{"line":84,"column":38}}},"fnMap":{"0":{"name":"(anonymous_1)","decl":{"start":{"line":54,"column":64},"end":{"line":54,"column":65}},"loc":{"start":{},"end":{}}}},"branchMap":{"0":{"loc":{"start":{"line":23,"column":8},"end":{"line":23,"column":37}},"type":"binary-expr","locations":[{"start":{"line":23,"column":8},"end":{"line":23,"column":17}},{"start":{"line":23,"column":21},"end":{"line":23,"column":37}}],"line":23},"1":{"loc":{"start":{"line":76,"column":30},"end":{"line":76,"column":81}},"type":"binary-expr","locations":[{"start":{},"end":{}},{"start":{},"end":{}}],"line":76},"2":{"loc":{"start":{"line":62,"column":8},"end":{"line":62,"column":37}},"type":"binary-expr","locations":[{"start":{"line":62,"column":8},"end":{"line":62,"column":17}},{"start":{"line":62,"column":21},"end":{"line":62,"column":37}}],"line":62}},"s":{"0":3,"1":8,"2":12,"3":8,"4":8,"5":8,"6":8,"7":12,"8":3,"9":3,"10":3,"11":5,"12":3,"13":3,"14":3,"15":3,"16":5,"17":3},"f":{"0":5},"b":{"0":[12,2],"1":[5,5],"2":[5,1]},"_coverageSchema":"1a1c01bbd47fc00a2c39e90264f33305004495a9","hash":"2e465bf9e15dc939638f6efd9231dec939ed5a1d"}
,"/Users/dika/Workspace/mini-projects/flip-technical-test/src/shared/constants/testIds.ts": {"path":"/Users/dika/Workspace/mini-projects/flip-technical-test/src/shared/constants/testIds.ts","statementMap":{"0":{"start":{"line":1,"column":23},"end":{"line":29,"column":1}},"1":{"start":{"line":4,"column":29},"end":{"line":4,"column":67}},"2":{"start":{"line":5,"column":39},"end":{"line":5,"column":78}}},"fnMap":{"0":{"name":"(anonymous_0)","decl":{"start":{"line":4,"column":13},"end":{"line":4,"column":14}},"loc":{"start":{"line":4,"column":29},"end":{"line":4,"column":67}},"line":4},"1":{"name":"(anonymous_1)","decl":{"start":{"line":5,"column":13},"end":{"line":5,"column":14}},"loc":{"start":{"line":5,"column":39},"end":{"line":5,"column":78}},"line":5}},"branchMap":{},"s":{"0":5,"1":27,"2":30},"f":{"0":27,"1":30},"b":{},"_coverageSchema":"1a1c01bbd47fc00a2c39e90264f33305004495a9","hash":"427ebbf1b9523d594593204b9878244d200e58bf"}
}
