TN:
SF:src/modules/transaction/application/hooks/useTransactionsQuery.ts
FN:10,_temp
FNF:1
FNH:1
FNDA:7,_temp
DA:10,2
DA:11,7
DA:12,7
DA:13,7
DA:29,2
DA:38,1
LF:6
LH:6
BRDA:10,0,0,2
BRDA:10,0,1,10
BRDA:21,1,0,70
BRDA:21,1,1,17
BRDA:21,1,2,17
BRDA:21,1,3,17
BRF:6
BRH:6
end_of_record
TN:
SF:src/modules/transaction/data/transactionRepositoryImpl.ts
FN:5,(anonymous_0)
FN:7,(anonymous_1)
FNF:2
FNH:2
FNDA:2,(anonymous_0)
FNDA:7,(anonymous_1)
DA:5,2
DA:6,2
DA:8,7
DA:9,7
DA:10,7
LF:5
LH:5
BRF:0
BRH:0
end_of_record
TN:
SF:src/modules/transaction/data/api/transactionApi.ts
FN:3,(anonymous_0)
FNF:1
FNH:1
FNDA:7,(anonymous_0)
DA:3,2
DA:4,7
DA:5,7
LF:3
LH:3
BRF:0
BRH:0
end_of_record
TN:
SF:src/modules/transaction/data/api/transactionApiMock.ts
FN:150,(anonymous_0)
FNF:1
FNH:1
FNDA:7,(anonymous_0)
DA:5,10
DA:148,10
DA:151,7
LF:3
LH:3
BRF:0
BRH:0
end_of_record
TN:
SF:src/modules/transaction/data/api/transactionDto.ts
FNF:0
FNH:0
LF:0
LH:0
BRF:0
BRH:0
end_of_record
TN:
SF:src/modules/transaction/data/api/transactionMapper.ts
FN:5,(anonymous_0)
FN:8,(anonymous_1)
FNF:2
FNH:2
FNDA:9,(anonymous_0)
FNDA:90,(anonymous_1)
DA:5,2
DA:8,9
DA:9,90
LF:3
LH:3
BRF:0
BRH:0
end_of_record
TN:
SF:src/modules/transaction/domain/transactionRepository.ts
FNF:0
FNH:0
LF:0
LH:0
BRF:0
BRH:0
end_of_record
TN:
SF:src/modules/transaction/domain/entities/transaction.ts
FN:20,(anonymous_0)
FNF:1
FNH:1
FNDA:90,(anonymous_0)
DA:3,2
DA:20,2
DA:21,90
LF:3
LH:3
BRF:0
BRH:0
end_of_record
TN:
SF:src/modules/transaction/presentation/TransactionDetail.tsx
FN:10,(anonymous_0)
FNF:1
FNH:1
FNDA:3,(anonymous_0)
DA:10,1
DA:16,3
DA:25,3
DA:26,3
DA:29,3
DA:39,3
DA:40,3
DA:42,3
DA:46,3
DA:47,3
DA:48,3
DA:52,3
DA:53,3
DA:54,3
DA:55,3
DA:56,3
DA:58,3
DA:63,3
DA:64,3
DA:70,3
DA:71,3
DA:73,3
DA:78,3
DA:79,3
DA:80,3
DA:82,3
DA:86,3
DA:87,3
LF:28
LH:28
BRF:0
BRH:0
end_of_record
TN:
SF:src/modules/transaction/presentation/TransactionList/TransactionListHeader.tsx
FN:14,(anonymous_0)
FNF:1
FNH:1
FNDA:5,(anonymous_0)
DA:14,2
DA:20,5
DA:26,5
DA:30,5
DA:31,5
DA:34,5
LF:6
LH:6
BRF:0
BRH:0
end_of_record
TN:
SF:src/modules/transaction/presentation/TransactionList/TransactionListItem.tsx
FN:64,(anonymous_2)
FNF:1
FNH:1
FNDA:24,(anonymous_2)
DA:13,2
DA:16,24
DA:17,24
DA:18,24
DA:25,24
DA:26,24
DA:27,24
DA:29,24
DA:31,24
DA:35,24
DA:36,24
DA:37,24
DA:38,24
DA:39,24
DA:43,24
DA:51,2
DA:55,24
DA:56,24
DA:57,24
DA:64,2
DA:67,19
DA:74,5
LF:22
LH:22
BRDA:52,0,0,5
BRDA:52,0,1,19
BRF:2
BRH:2
end_of_record
TN:
SF:src/modules/transaction/presentation/TransactionList/TransactionListPage.tsx
FN:21,(anonymous_0)
FN:28,(anonymous_1)
FN:28,_temp
FN:28,_temp2
FNF:4
FNH:4
FNDA:10,(anonymous_0)
FNDA:4,(anonymous_1)
FNDA:36,_temp
FNDA:42,_temp2
DA:21,10
DA:28,1
DA:29,2
DA:37,4
DA:50,2
DA:54,2
DA:58,2
DA:63,4
DA:64,4
DA:67,2
DA:69,2
DA:71,2
DA:81,3
DA:88,2
LF:14
LH:14
BRDA:75,0,0,2
BRDA:75,0,1,2
BRDA:81,1,0,0
BRDA:81,1,1,0
BRF:4
BRH:2
end_of_record
TN:
SF:src/modules/transaction/presentation/TransactionList/TransactionListSort.tsx
FN:38,(anonymous_0)
FNF:1
FNH:1
FNDA:6,(anonymous_0)
DA:8,2
DA:38,2
DA:45,6
DA:46,6
DA:48,6
DA:49,6
LF:6
LH:6
BRDA:60,0,0,6
BRDA:60,0,1,24
BRF:2
BRH:2
end_of_record
TN:
SF:src/modules/transaction/presentation/TransactionList/TranscationListItemLoading.tsx
FN:11,(anonymous_0)
FNF:1
FNH:1
FNDA:21,(anonymous_0)
DA:5,2
DA:11,2
DA:13,21
DA:14,21
DA:15,21
DA:16,21
DA:17,21
LF:7
LH:7
BRF:0
BRH:0
end_of_record
TN:
SF:src/routes/_layout.tsx
FN:8,RootLayout
FNF:1
FNH:0
FNDA:0,RootLayout
DA:6,0
DA:10,0
DA:12,0
DA:18,0
LF:4
LH:0
BRF:0
BRH:0
end_of_record
TN:
SF:src/routes/index.tsx
FN:6,(anonymous_0)
FNF:1
FNH:0
FNDA:0,(anonymous_0)
DA:6,0
DA:8,0
LF:2
LH:0
BRF:0
BRH:0
end_of_record
TN:
SF:src/routes/transaction/[id].tsx
FN:3,(anonymous_0)
FNF:1
FNH:0
FNDA:0,(anonymous_0)
DA:3,0
DA:4,0
LF:2
LH:0
BRF:0
BRH:0
end_of_record
TN:
SF:src/shared/utils.ts
FN:5,(anonymous_0)
FN:10,(anonymous_1)
FN:22,(anonymous_2)
FN:42,(anonymous_3)
FN:50,(anonymous_4)
FN:52,(anonymous_5)
FN:53,(anonymous_6)
FN:57,(anonymous_7)
FN:64,(anonymous_8)
FN:66,(anonymous_9)
FNF:10
FNH:10
FNDA:84,(anonymous_0)
FNDA:29,(anonymous_1)
FNDA:3,(anonymous_2)
FNDA:29,(anonymous_3)
FNDA:3,(anonymous_4)
FNDA:3,(anonymous_5)
FNDA:3,(anonymous_6)
FNDA:1,(anonymous_7)
FNDA:1,(anonymous_8)
FNDA:4,(anonymous_9)
DA:5,8
DA:6,84
DA:10,8
DA:12,29
DA:22,8
DA:23,3
DA:25,3
DA:26,0
DA:29,3
DA:31,3
DA:32,21
DA:33,6
DA:35,15
DA:39,3
DA:42,8
DA:43,29
DA:50,8
DA:52,3
DA:53,3
DA:54,3
DA:55,2
DA:57,3
DA:58,1
DA:64,8
DA:65,1
DA:66,1
DA:67,4
DA:68,2
DA:69,2
LF:29
LH:28
BRDA:25,0,0,0
BRDA:25,0,1,3
BRDA:32,1,0,6
BRDA:32,1,1,15
BRDA:54,2,0,2
BRDA:54,2,1,1
BRDA:67,3,0,2
BRDA:67,3,1,2
BRDA:67,4,0,4
BRDA:67,4,1,3
BRF:10
BRH:9
end_of_record
TN:
SF:src/shared/components/Backdrop.tsx
FN:13,(anonymous_0)
FNF:1
FNH:1
FNDA:6,(anonymous_0)
DA:13,6
DA:15,6
DA:16,6
DA:19,6
DA:22,6
LF:5
LH:5
BRDA:22,0,0,6
BRDA:22,0,1,0
BRF:2
BRH:1
end_of_record
TN:
SF:src/shared/components/Input.tsx
FN:54,(anonymous_1)
FNF:1
FNH:1
FNDA:5,(anonymous_1)
DA:15,3
DA:16,8
DA:19,12
DA:20,12
DA:26,8
DA:29,8
DA:33,8
DA:38,8
DA:45,3
DA:54,3
DA:55,3
DA:58,5
DA:59,5
DA:65,3
DA:68,3
DA:72,3
DA:77,3
DA:84,3
LF:18
LH:18
BRDA:23,0,0,12
BRDA:23,0,1,2
BRDA:76,1,0,5
BRDA:76,1,1,5
BRDA:62,2,0,5
BRDA:62,2,1,1
BRF:6
BRH:6
end_of_record
TN:
SF:src/shared/constants/testIds.ts
FN:4,(anonymous_0)
FN:5,(anonymous_1)
FNF:2
FNH:2
FNDA:27,(anonymous_0)
FNDA:30,(anonymous_1)
DA:1,5
DA:4,27
DA:5,30
LF:3
LH:3
BRF:0
BRH:0
end_of_record
